Start training with (gpu(0)) from pretrained model /home/st/ssd/model/resnet-50
Start training with (gpu(0)) from pretrained model /home/st/ssd/model/resnet-50
Start training with (gpu(0)) from pretrained model /home/st/ssd/model/resnet-50
Start training with (gpu(0)) from pretrained model /home/st/ssd/model/resnet-50
Start training with (gpu(0)) from pretrained model /home/st/ssd/model/resnet-50
Start training with (gpu(0)) from pretrained model /home/st/ssd/model/resnet-50
Start training with (gpu(0)) from pretrained model /home/st/ssd/model/resnet-50
Start training with (gpu(0)) from pretrained model /home/st/ssd/model/resnet-50
Start training with (gpu(0)) from pretrained model /home/st/ssd/model/resnet-50
Start training with (gpu(0)) from pretrained model /home/st/ssd/model/resnet-50
Start training with (gpu(0)) from pretrained model /home/st/ssd/model/resnet-50
Start training with (gpu(0)) from pretrained model /home/st/ssd/model/resnet-50
Start training with (gpu(0)) from pretrained model /home/st/ssd/model/resnet-50
Epoch[0] Batch [20]	Speed: 21.80 samples/sec	CrossEntropy=3.212313	SmoothL1=0.757260
Epoch[0] Batch [40]	Speed: 21.55 samples/sec	CrossEntropy=3.048834	SmoothL1=0.823462
Epoch[0] Batch [60]	Speed: 21.40 samples/sec	CrossEntropy=2.961049	SmoothL1=0.709290
Epoch[0] Batch [80]	Speed: 21.67 samples/sec	CrossEntropy=2.893379	SmoothL1=0.710489
Epoch[0] Batch [100]	Speed: 21.61 samples/sec	CrossEntropy=2.791791	SmoothL1=0.760205
Epoch[0] Batch [120]	Speed: 21.60 samples/sec	CrossEntropy=2.600259	SmoothL1=0.736756
Epoch[0] Batch [140]	Speed: 21.66 samples/sec	CrossEntropy=2.232166	SmoothL1=0.693145
Epoch[0] Batch [160]	Speed: 21.68 samples/sec	CrossEntropy=2.001600	SmoothL1=0.731936
Epoch[0] Batch [180]	Speed: 21.68 samples/sec	CrossEntropy=1.785022	SmoothL1=0.700560
Epoch[0] Batch [200]	Speed: 21.67 samples/sec	CrossEntropy=1.624175	SmoothL1=0.696113
Epoch[0] Batch [220]	Speed: 21.57 samples/sec	CrossEntropy=1.504961	SmoothL1=0.696503
Epoch[0] Batch [240]	Speed: 21.61 samples/sec	CrossEntropy=1.511007	SmoothL1=0.697563
Epoch[0] Batch [260]	Speed: 21.60 samples/sec	CrossEntropy=1.444780	SmoothL1=0.687546
Epoch[0] Batch [280]	Speed: 21.68 samples/sec	CrossEntropy=1.384179	SmoothL1=0.698404
Epoch[0] Batch [300]	Speed: 21.55 samples/sec	CrossEntropy=1.359125	SmoothL1=0.670677
Epoch[0] Batch [320]	Speed: 21.57 samples/sec	CrossEntropy=1.311203	SmoothL1=0.740898
Epoch[0] Batch [340]	Speed: 21.69 samples/sec	CrossEntropy=1.318397	SmoothL1=0.693871
Epoch[0] Batch [360]	Speed: 21.54 samples/sec	CrossEntropy=1.289797	SmoothL1=0.669738
Epoch[0] Batch [380]	Speed: 21.69 samples/sec	CrossEntropy=1.302086	SmoothL1=0.657579
Epoch[0] Batch [400]	Speed: 21.59 samples/sec	CrossEntropy=1.240377	SmoothL1=0.686291
Epoch[0] Batch [420]	Speed: 21.70 samples/sec	CrossEntropy=1.242116	SmoothL1=0.670791
Epoch[0] Batch [440]	Speed: 21.53 samples/sec	CrossEntropy=1.261596	SmoothL1=0.654375
Epoch[0] Batch [460]	Speed: 21.65 samples/sec	CrossEntropy=1.235136	SmoothL1=0.647617
Epoch[0] Batch [480]	Speed: 21.65 samples/sec	CrossEntropy=1.258151	SmoothL1=0.673344
Epoch[0] Batch [500]	Speed: 21.55 samples/sec	CrossEntropy=1.250905	SmoothL1=0.659190
Epoch[0] Batch [520]	Speed: 21.46 samples/sec	CrossEntropy=1.243500	SmoothL1=0.700237
Epoch[0] Batch [540]	Speed: 21.40 samples/sec	CrossEntropy=1.264904	SmoothL1=0.681878
Epoch[0] Batch [560]	Speed: 21.51 samples/sec	CrossEntropy=1.253420	SmoothL1=0.686347
Epoch[0] Batch [580]	Speed: 21.43 samples/sec	CrossEntropy=1.248009	SmoothL1=0.619976
Epoch[0] Batch [600]	Speed: 21.49 samples/sec	CrossEntropy=1.200391	SmoothL1=0.634266
Epoch[0] Batch [620]	Speed: 21.49 samples/sec	CrossEntropy=1.257570	SmoothL1=0.619730
Epoch[0] Batch [640]	Speed: 21.46 samples/sec	CrossEntropy=1.276366	SmoothL1=0.657097
Epoch[0] Batch [660]	Speed: 21.42 samples/sec	CrossEntropy=1.190093	SmoothL1=0.672590
Epoch[0] Batch [680]	Speed: 21.52 samples/sec	CrossEntropy=1.249472	SmoothL1=0.624546
Epoch[0] Batch [700]	Speed: 21.46 samples/sec	CrossEntropy=1.252639	SmoothL1=0.622052
Epoch[0] Batch [720]	Speed: 21.44 samples/sec	CrossEntropy=1.225433	SmoothL1=0.633383
Epoch[0] Batch [740]	Speed: 21.42 samples/sec	CrossEntropy=1.207958	SmoothL1=0.596852
Epoch[0] Batch [760]	Speed: 21.58 samples/sec	CrossEntropy=1.252016	SmoothL1=0.643374
Epoch[0] Batch [780]	Speed: 21.49 samples/sec	CrossEntropy=1.197569	SmoothL1=0.613051
Epoch[0] Batch [800]	Speed: 21.48 samples/sec	CrossEntropy=1.232543	SmoothL1=0.619171
Epoch[0] Batch [820]	Speed: 21.53 samples/sec	CrossEntropy=1.233159	SmoothL1=0.626470
Epoch[0] Batch [840]	Speed: 21.48 samples/sec	CrossEntropy=1.201120	SmoothL1=0.622832
Epoch[0] Batch [860]	Speed: 21.38 samples/sec	CrossEntropy=1.195309	SmoothL1=0.668811
Epoch[0] Batch [880]	Speed: 21.48 samples/sec	CrossEntropy=1.226322	SmoothL1=0.650483
Epoch[0] Batch [900]	Speed: 21.43 samples/sec	CrossEntropy=1.222877	SmoothL1=0.619340
Epoch[0] Batch [920]	Speed: 21.44 samples/sec	CrossEntropy=1.221228	SmoothL1=0.616360
Epoch[0] Batch [940]	Speed: 21.55 samples/sec	CrossEntropy=1.178030	SmoothL1=0.648266
Epoch[0] Batch [960]	Speed: 21.42 samples/sec	CrossEntropy=1.176755	SmoothL1=0.643319
Epoch[0] Batch [980]	Speed: 21.49 samples/sec	CrossEntropy=1.211295	SmoothL1=0.621064
Epoch[0] Batch [1000]	Speed: 21.52 samples/sec	CrossEntropy=1.196619	SmoothL1=0.596644
Epoch[0] Batch [1020]	Speed: 21.54 samples/sec	CrossEntropy=1.200246	SmoothL1=0.624349
Epoch[0] Batch [1040]	Speed: 21.32 samples/sec	CrossEntropy=1.218943	SmoothL1=0.618346
Epoch[0] Batch [1060]	Speed: 21.52 samples/sec	CrossEntropy=1.183848	SmoothL1=0.613490
Epoch[0] Batch [1080]	Speed: 21.37 samples/sec	CrossEntropy=1.194679	SmoothL1=0.584937
Epoch[0] Batch [1100]	Speed: 21.46 samples/sec	CrossEntropy=1.220511	SmoothL1=0.602587
Epoch[0] Batch [1120]	Speed: 21.40 samples/sec	CrossEntropy=1.196865	SmoothL1=0.595993
Epoch[0] Batch [1140]	Speed: 21.21 samples/sec	CrossEntropy=1.203449	SmoothL1=0.599324
Epoch[0] Batch [1160]	Speed: 21.41 samples/sec	CrossEntropy=1.214519	SmoothL1=0.605445
Epoch[0] Batch [1180]	Speed: 21.47 samples/sec	CrossEntropy=1.164530	SmoothL1=0.591489
Epoch[0] Batch [1200]	Speed: 21.41 samples/sec	CrossEntropy=1.195273	SmoothL1=0.585995
Epoch[0] Batch [1220]	Speed: 21.54 samples/sec	CrossEntropy=1.189077	SmoothL1=0.577054
Epoch[0] Batch [1240]	Speed: 21.44 samples/sec	CrossEntropy=1.197936	SmoothL1=0.595099
Epoch[0] Batch [1260]	Speed: 21.48 samples/sec	CrossEntropy=1.226392	SmoothL1=0.610495
Epoch[0] Batch [1280]	Speed: 21.31 samples/sec	CrossEntropy=1.204909	SmoothL1=0.606046
Epoch[0] Batch [1300]	Speed: 21.35 samples/sec	CrossEntropy=1.157835	SmoothL1=0.578308
Epoch[0] Batch [1320]	Speed: 21.50 samples/sec	CrossEntropy=1.151798	SmoothL1=0.588069
Epoch[0] Batch [1340]	Speed: 21.46 samples/sec	CrossEntropy=1.207582	SmoothL1=0.580625
Epoch[0] Batch [1360]	Speed: 21.48 samples/sec	CrossEntropy=1.235661	SmoothL1=0.613140
Epoch[0] Batch [1380]	Speed: 21.41 samples/sec	CrossEntropy=1.158425	SmoothL1=0.568543
Epoch[0] Batch [1400]	Speed: 21.45 samples/sec	CrossEntropy=1.235779	SmoothL1=0.569635
Epoch[0] Batch [1420]	Speed: 21.38 samples/sec	CrossEntropy=1.189634	SmoothL1=0.639111
Epoch[0] Batch [1440]	Speed: 21.50 samples/sec	CrossEntropy=1.197202	SmoothL1=0.567763
Epoch[0] Batch [1460]	Speed: 21.48 samples/sec	CrossEntropy=1.175065	SmoothL1=0.567297
Epoch[0] Batch [1480]	Speed: 21.46 samples/sec	CrossEntropy=1.225988	SmoothL1=0.612801
Epoch[0] Batch [1500]	Speed: 21.45 samples/sec	CrossEntropy=1.155147	SmoothL1=0.563708
Epoch[0] Batch [1520]	Speed: 21.53 samples/sec	CrossEntropy=1.149630	SmoothL1=0.557776
Epoch[0] Batch [1540]	Speed: 21.51 samples/sec	CrossEntropy=1.188116	SmoothL1=0.541880
Epoch[0] Batch [1560]	Speed: 21.56 samples/sec	CrossEntropy=1.137402	SmoothL1=0.554921
Epoch[0] Batch [1580]	Speed: 21.40 samples/sec	CrossEntropy=1.160878	SmoothL1=0.570343
Epoch[0] Batch [1600]	Speed: 21.28 samples/sec	CrossEntropy=1.131223	SmoothL1=0.543995
Epoch[0] Batch [1620]	Speed: 21.42 samples/sec	CrossEntropy=1.171944	SmoothL1=0.579196
Epoch[0] Batch [1640]	Speed: 21.31 samples/sec	CrossEntropy=1.194628	SmoothL1=0.548057
Epoch[0] Batch [1660]	Speed: 21.52 samples/sec	CrossEntropy=1.133958	SmoothL1=0.549068
Epoch[0] Batch [1680]	Speed: 21.39 samples/sec	CrossEntropy=1.138665	SmoothL1=0.605664
Epoch[0] Batch [1700]	Speed: 21.55 samples/sec	CrossEntropy=1.154244	SmoothL1=0.582383
Epoch[0] Batch [1720]	Speed: 21.29 samples/sec	CrossEntropy=1.164916	SmoothL1=0.587773
Epoch[0] Batch [1740]	Speed: 21.40 samples/sec	CrossEntropy=1.120665	SmoothL1=0.562368
Epoch[0] Batch [1760]	Speed: 21.39 samples/sec	CrossEntropy=1.105541	SmoothL1=0.534472
Epoch[0] Batch [1780]	Speed: 21.52 samples/sec	CrossEntropy=1.186830	SmoothL1=0.527072
Epoch[0] Batch [1800]	Speed: 21.48 samples/sec	CrossEntropy=1.156211	SmoothL1=0.523188
Epoch[0] Batch [1820]	Speed: 21.38 samples/sec	CrossEntropy=1.148803	SmoothL1=0.575673
Epoch[0] Batch [1840]	Speed: 21.41 samples/sec	CrossEntropy=1.104057	SmoothL1=0.549916
Epoch[0] Batch [1860]	Speed: 21.41 samples/sec	CrossEntropy=1.125554	SmoothL1=0.548035
Epoch[0] Batch [1880]	Speed: 21.53 samples/sec	CrossEntropy=1.128099	SmoothL1=0.548887
Epoch[0] Batch [1900]	Speed: 21.43 samples/sec	CrossEntropy=1.126470	SmoothL1=0.535856
Epoch[0] Batch [1920]	Speed: 21.54 samples/sec	CrossEntropy=1.142826	SmoothL1=0.513087
Epoch[0] Batch [1940]	Speed: 21.43 samples/sec	CrossEntropy=1.119751	SmoothL1=0.532326
Epoch[0] Batch [1960]	Speed: 21.74 samples/sec	CrossEntropy=1.090852	SmoothL1=0.520763
Epoch[0] Batch [1980]	Speed: 21.54 samples/sec	CrossEntropy=1.137895	SmoothL1=0.528432
Epoch[0] Batch [2000]	Speed: 21.77 samples/sec	CrossEntropy=1.204761	SmoothL1=0.543716
Epoch[0] Batch [2020]	Speed: 21.89 samples/sec	CrossEntropy=1.128619	SmoothL1=0.593087
Epoch[0] Batch [2040]	Speed: 21.80 samples/sec	CrossEntropy=1.153327	SmoothL1=0.517059
Epoch[0] Batch [2060]	Speed: 21.72 samples/sec	CrossEntropy=1.161264	SmoothL1=0.554514
Epoch[0] Train-CrossEntropy=1.143063
Epoch[0] Train-SmoothL1=0.523755
Epoch[0] Time cost=769.677
Saved checkpoint to "/home/st/ssd/model/ssd_resnet50_512-0001.params"
Start training with (gpu(0)) from pretrained model /home/st/ssd/model/resnet-50
Epoch[0] Batch [20]	Speed: 22.05 samples/sec	CrossEntropy=3.212332	SmoothL1=0.757262
Epoch[0] Batch [40]	Speed: 21.74 samples/sec	CrossEntropy=3.048964	SmoothL1=0.823509
Epoch[0] Batch [60]	Speed: 21.40 samples/sec	CrossEntropy=2.961285	SmoothL1=0.709342
Epoch[0] Batch [80]	Speed: 21.47 samples/sec	CrossEntropy=2.893630	SmoothL1=0.710323
Epoch[0] Batch [100]	Speed: 21.52 samples/sec	CrossEntropy=2.792613	SmoothL1=0.760158
Epoch[0] Batch [120]	Speed: 21.55 samples/sec	CrossEntropy=2.601830	SmoothL1=0.737449
Epoch[0] Batch [140]	Speed: 21.74 samples/sec	CrossEntropy=2.232274	SmoothL1=0.693476
Epoch[0] Batch [160]	Speed: 21.77 samples/sec	CrossEntropy=1.997013	SmoothL1=0.732711
Epoch[0] Batch [180]	Speed: 21.61 samples/sec	CrossEntropy=1.779060	SmoothL1=0.701741
Epoch[0] Batch [200]	Speed: 21.75 samples/sec	CrossEntropy=1.617127	SmoothL1=0.695283
Epoch[0] Batch [220]	Speed: 21.81 samples/sec	CrossEntropy=1.503035	SmoothL1=0.697371
Epoch[0] Batch [240]	Speed: 21.76 samples/sec	CrossEntropy=1.509448	SmoothL1=0.697909
Epoch[0] Batch [260]	Speed: 21.75 samples/sec	CrossEntropy=1.443884	SmoothL1=0.687908
Epoch[0] Batch [280]	Speed: 21.79 samples/sec	CrossEntropy=1.383635	SmoothL1=0.699396
Epoch[0] Batch [300]	Speed: 21.87 samples/sec	CrossEntropy=1.358263	SmoothL1=0.672434
Epoch[0] Batch [320]	Speed: 21.82 samples/sec	CrossEntropy=1.308445	SmoothL1=0.739333
Epoch[0] Batch [340]	Speed: 21.85 samples/sec	CrossEntropy=1.318456	SmoothL1=0.694678
Epoch[0] Batch [360]	Speed: 21.93 samples/sec	CrossEntropy=1.287846	SmoothL1=0.669675
Epoch[0] Batch [380]	Speed: 21.79 samples/sec	CrossEntropy=1.301158	SmoothL1=0.657111
Epoch[0] Batch [400]	Speed: 21.83 samples/sec	CrossEntropy=1.240892	SmoothL1=0.685863
Epoch[0] Batch [420]	Speed: 21.82 samples/sec	CrossEntropy=1.237444	SmoothL1=0.670723
Epoch[0] Batch [440]	Speed: 21.74 samples/sec	CrossEntropy=1.261236	SmoothL1=0.654970
Epoch[0] Batch [460]	Speed: 21.81 samples/sec	CrossEntropy=1.234112	SmoothL1=0.647595
Epoch[0] Batch [480]	Speed: 21.78 samples/sec	CrossEntropy=1.256110	SmoothL1=0.673490
Epoch[0] Batch [500]	Speed: 21.72 samples/sec	CrossEntropy=1.245422	SmoothL1=0.659679
Epoch[0] Batch [520]	Speed: 21.71 samples/sec	CrossEntropy=1.240684	SmoothL1=0.699000
Epoch[0] Batch [540]	Speed: 21.76 samples/sec	CrossEntropy=1.260602	SmoothL1=0.682328
Epoch[0] Batch [560]	Speed: 21.72 samples/sec	CrossEntropy=1.251508	SmoothL1=0.685361
Epoch[0] Batch [580]	Speed: 21.75 samples/sec	CrossEntropy=1.246070	SmoothL1=0.619958
Epoch[0] Batch [600]	Speed: 21.68 samples/sec	CrossEntropy=1.197984	SmoothL1=0.633607
Epoch[0] Batch [620]	Speed: 21.72 samples/sec	CrossEntropy=1.259060	SmoothL1=0.618876
Epoch[0] Batch [640]	Speed: 21.80 samples/sec	CrossEntropy=1.274106	SmoothL1=0.657506
Epoch[0] Batch [660]	Speed: 21.73 samples/sec	CrossEntropy=1.185604	SmoothL1=0.672142
Epoch[0] Batch [680]	Speed: 21.73 samples/sec	CrossEntropy=1.250357	SmoothL1=0.624670
Epoch[0] Batch [700]	Speed: 21.77 samples/sec	CrossEntropy=1.252369	SmoothL1=0.623019
Epoch[0] Batch [720]	Speed: 21.67 samples/sec	CrossEntropy=1.222815	SmoothL1=0.635084
Epoch[0] Batch [740]	Speed: 21.74 samples/sec	CrossEntropy=1.206647	SmoothL1=0.597572
Epoch[0] Batch [760]	Speed: 21.73 samples/sec	CrossEntropy=1.251248	SmoothL1=0.644969
Epoch[0] Batch [780]	Speed: 21.59 samples/sec	CrossEntropy=1.194248	SmoothL1=0.612983
Epoch[0] Batch [800]	Speed: 21.69 samples/sec	CrossEntropy=1.231899	SmoothL1=0.620757
Epoch[0] Batch [820]	Speed: 21.62 samples/sec	CrossEntropy=1.231474	SmoothL1=0.627275
Epoch[0] Batch [840]	Speed: 21.73 samples/sec	CrossEntropy=1.198025	SmoothL1=0.623162
Epoch[0] Batch [860]	Speed: 21.69 samples/sec	CrossEntropy=1.194470	SmoothL1=0.667962
Epoch[0] Batch [880]	Speed: 21.74 samples/sec	CrossEntropy=1.225816	SmoothL1=0.649389
Epoch[0] Batch [900]	Speed: 21.76 samples/sec	CrossEntropy=1.218329	SmoothL1=0.619471
Epoch[0] Batch [920]	Speed: 21.73 samples/sec	CrossEntropy=1.219805	SmoothL1=0.619202
Epoch[0] Batch [940]	Speed: 21.69 samples/sec	CrossEntropy=1.177721	SmoothL1=0.645790
Epoch[0] Batch [960]	Speed: 21.76 samples/sec	CrossEntropy=1.177414	SmoothL1=0.643289
Epoch[0] Batch [980]	Speed: 21.72 samples/sec	CrossEntropy=1.209993	SmoothL1=0.621944
Epoch[0] Batch [1000]	Speed: 21.73 samples/sec	CrossEntropy=1.195737	SmoothL1=0.597271
Epoch[0] Batch [1020]	Speed: 21.66 samples/sec	CrossEntropy=1.200744	SmoothL1=0.621698
Epoch[0] Batch [1040]	Speed: 21.64 samples/sec	CrossEntropy=1.216843	SmoothL1=0.617233
Epoch[0] Batch [1060]	Speed: 21.70 samples/sec	CrossEntropy=1.183034	SmoothL1=0.613910
Epoch[0] Batch [1080]	Speed: 21.64 samples/sec	CrossEntropy=1.194835	SmoothL1=0.585042
Epoch[0] Batch [1100]	Speed: 21.64 samples/sec	CrossEntropy=1.223339	SmoothL1=0.604028
Epoch[0] Batch [1120]	Speed: 21.70 samples/sec	CrossEntropy=1.196263	SmoothL1=0.597115
Epoch[0] Batch [1140]	Speed: 21.73 samples/sec	CrossEntropy=1.202687	SmoothL1=0.597819
Epoch[0] Batch [1160]	Speed: 21.70 samples/sec	CrossEntropy=1.214377	SmoothL1=0.603420
Epoch[0] Batch [1180]	Speed: 21.66 samples/sec	CrossEntropy=1.162759	SmoothL1=0.591484
Epoch[0] Batch [1200]	Speed: 21.71 samples/sec	CrossEntropy=1.193641	SmoothL1=0.583925
Epoch[0] Batch [1220]	Speed: 21.65 samples/sec	CrossEntropy=1.184792	SmoothL1=0.575096
Epoch[0] Batch [1240]	Speed: 21.67 samples/sec	CrossEntropy=1.197696	SmoothL1=0.592642
Epoch[0] Batch [1260]	Speed: 21.65 samples/sec	CrossEntropy=1.226779	SmoothL1=0.610206
Epoch[0] Batch [1280]	Speed: 21.60 samples/sec	CrossEntropy=1.204103	SmoothL1=0.607239
Epoch[0] Batch [1300]	Speed: 21.68 samples/sec	CrossEntropy=1.155749	SmoothL1=0.578419
Epoch[0] Batch [1320]	Speed: 21.68 samples/sec	CrossEntropy=1.147990	SmoothL1=0.587840
Epoch[0] Batch [1340]	Speed: 21.65 samples/sec	CrossEntropy=1.206443	SmoothL1=0.581486
Epoch[0] Batch [1360]	Speed: 21.68 samples/sec	CrossEntropy=1.234120	SmoothL1=0.610897
Epoch[0] Batch [1380]	Speed: 21.59 samples/sec	CrossEntropy=1.152718	SmoothL1=0.566105
Epoch[0] Batch [1400]	Speed: 21.64 samples/sec	CrossEntropy=1.235502	SmoothL1=0.566523
Epoch[0] Batch [1420]	Speed: 21.65 samples/sec	CrossEntropy=1.188383	SmoothL1=0.636022
Epoch[0] Batch [1440]	Speed: 21.72 samples/sec	CrossEntropy=1.194946	SmoothL1=0.564255
Epoch[0] Batch [1460]	Speed: 21.60 samples/sec	CrossEntropy=1.174002	SmoothL1=0.564568
Epoch[0] Batch [1480]	Speed: 21.64 samples/sec	CrossEntropy=1.223836	SmoothL1=0.611283
Epoch[0] Batch [1500]	Speed: 21.61 samples/sec	CrossEntropy=1.152045	SmoothL1=0.561962
Epoch[0] Batch [1520]	Speed: 21.67 samples/sec	CrossEntropy=1.148468	SmoothL1=0.558200
Epoch[0] Batch [1540]	Speed: 21.66 samples/sec	CrossEntropy=1.187046	SmoothL1=0.539492
Epoch[0] Batch [1560]	Speed: 21.67 samples/sec	CrossEntropy=1.139493	SmoothL1=0.554913
Epoch[0] Batch [1580]	Speed: 21.49 samples/sec	CrossEntropy=1.160931	SmoothL1=0.568594
Epoch[0] Batch [1600]	Speed: 21.60 samples/sec	CrossEntropy=1.131902	SmoothL1=0.545553
Epoch[0] Batch [1620]	Speed: 21.63 samples/sec	CrossEntropy=1.169839	SmoothL1=0.578050
Epoch[0] Batch [1640]	Speed: 21.66 samples/sec	CrossEntropy=1.192939	SmoothL1=0.546495
Epoch[0] Batch [1660]	Speed: 21.62 samples/sec	CrossEntropy=1.136135	SmoothL1=0.551003
Epoch[0] Batch [1680]	Speed: 21.69 samples/sec	CrossEntropy=1.136776	SmoothL1=0.604507
Epoch[0] Batch [1700]	Speed: 21.53 samples/sec	CrossEntropy=1.158428	SmoothL1=0.579751
Epoch[0] Batch [1720]	Speed: 21.64 samples/sec	CrossEntropy=1.167273	SmoothL1=0.583806
Epoch[0] Batch [1740]	Speed: 21.56 samples/sec	CrossEntropy=1.117756	SmoothL1=0.560556
Epoch[0] Batch [1760]	Speed: 21.70 samples/sec	CrossEntropy=1.106745	SmoothL1=0.531443
Epoch[0] Batch [1780]	Speed: 21.65 samples/sec	CrossEntropy=1.187208	SmoothL1=0.526401
Epoch[0] Batch [1800]	Speed: 21.62 samples/sec	CrossEntropy=1.159184	SmoothL1=0.519360
Epoch[0] Batch [1820]	Speed: 21.61 samples/sec	CrossEntropy=1.149288	SmoothL1=0.574893
Epoch[0] Batch [1840]	Speed: 21.67 samples/sec	CrossEntropy=1.107284	SmoothL1=0.551612
Epoch[0] Batch [1860]	Speed: 21.71 samples/sec	CrossEntropy=1.125575	SmoothL1=0.545560
Epoch[0] Batch [1880]	Speed: 21.60 samples/sec	CrossEntropy=1.123973	SmoothL1=0.547545
Epoch[0] Batch [1900]	Speed: 21.64 samples/sec	CrossEntropy=1.126518	SmoothL1=0.532068
Epoch[0] Batch [1920]	Speed: 21.70 samples/sec	CrossEntropy=1.143498	SmoothL1=0.510992
Epoch[0] Batch [1940]	Speed: 21.60 samples/sec	CrossEntropy=1.116920	SmoothL1=0.530838
Epoch[0] Batch [1960]	Speed: 21.55 samples/sec	CrossEntropy=1.086730	SmoothL1=0.516502
Epoch[0] Batch [1980]	Speed: 21.69 samples/sec	CrossEntropy=1.134533	SmoothL1=0.523537
Epoch[0] Batch [2000]	Speed: 21.61 samples/sec	CrossEntropy=1.206825	SmoothL1=0.544834
Epoch[0] Batch [2020]	Speed: 21.68 samples/sec	CrossEntropy=1.125192	SmoothL1=0.593086
Epoch[0] Batch [2040]	Speed: 21.75 samples/sec	CrossEntropy=1.149011	SmoothL1=0.509998
Epoch[0] Batch [2060]	Speed: 21.57 samples/sec	CrossEntropy=1.160467	SmoothL1=0.549226
Epoch[0] Train-CrossEntropy=1.142427
Epoch[0] Train-SmoothL1=0.520543
Epoch[0] Time cost=763.339
Saved checkpoint to "/home/st/ssd/model/ssd_resnet50_512-0001.params"
